------- FILE ./src/test.asm LEVEL 1 PASS 2
      1  10000					       processor	6502
      2  10000 ????
      3  10000 ????				       SEG
      4  f000					      ORG	$F000
      5  f000
      6  f000				   Reset
      7  f000
      8  f000				   StartOfFrame
      9  f000
     10  f000							; Start of vertical blank processing
     11  f000		       a9 00		      lda	#0
     12  f002		       85 01		      sta	VBLANK
     13  f004
     14  f004		       a9 02		      lda	#2
     15  f006		       85 00		      sta	VSYNC
     16  f008
     17  f008							; 3 scanlines of VSYNCH signal
     18  f008		       85 02		      sta	WSYNC
     19  f00a		       85 02		      sta	WSYNC
     20  f00c		       85 02		      sta	WSYNC
     21  f00e
     22  f00e		       a9 00		      lda	#0
     23  f010		       85 02		      sta	WSYNC
     24  f012
     25  f012							; 37 scanlines of vertical blanks
     26  f012		       85 02		      sta	WSYNC
     27  f014		       85 02		      sta	WSYNC
     28  f016		       85 02		      sta	WSYNC
     29  f018		       85 02		      sta	WSYNC
     30  f01a		       85 02		      sta	WSYNC
     31  f01c		       85 02		      sta	WSYNC
     32  f01e		       85 02		      sta	WSYNC
     33  f020		       85 02		      sta	WSYNC
     34  f022		       85 02		      sta	WSYNC
     35  f024		       85 02		      sta	WSYNC
     36  f026		       85 02		      sta	WSYNC
     37  f028		       85 02		      sta	WSYNC
     38  f02a		       85 02		      sta	WSYNC
     39  f02c		       85 02		      sta	WSYNC
     40  f02e		       85 02		      sta	WSYNC
     41  f030		       85 02		      sta	WSYNC
     42  f032		       85 02		      sta	WSYNC
     43  f034		       85 02		      sta	WSYNC
     44  f036		       85 02		      sta	WSYNC
     45  f038		       85 02		      sta	WSYNC
     46  f03a		       85 02		      sta	WSYNC
     47  f03c		       85 02		      sta	WSYNC
     48  f03e		       85 02		      sta	WSYNC
     49  f040		       85 02		      sta	WSYNC
     50  f042		       85 02		      sta	WSYNC
     51  f044		       85 02		      sta	WSYNC
     52  f046		       85 02		      sta	WSYNC
     53  f048		       85 02		      sta	WSYNC
     54  f04a		       85 02		      sta	WSYNC
     55  f04c		       85 02		      sta	WSYNC
     56  f04e		       85 02		      sta	WSYNC
     57  f050		       85 02		      sta	WSYNC
     58  f052		       85 02		      sta	WSYNC
     59  f054		       85 02		      sta	WSYNC
     60  f056		       85 02		      sta	WSYNC
     61  f058		       85 02		      sta	WSYNC
     62  f05a		       85 02		      sta	WSYNC
     63  f05c
     64  f05c							; 192 scanlines of picture ..
     65  f05c
     66  f05c		       a2 00		      ldx	#0
     67  f05e					      REPEAT	192	; scanlines
     68  f05e
     69  f05e		       e8		      inx
     70  f05f		       86 09		      stx	COLUBK
     71  f061		       85 02		      sta	WSYNC
     72  f063
     67  f063					      REPEND
     68  f063
     69  f063		       e8		      inx
     70  f064		       86 09		      stx	COLUBK
     71  f066		       85 02		      sta	WSYNC
     72  f068
     67  f068					      REPEND
     68  f068
     69  f068		       e8		      inx
     70  f069		       86 09		      stx	COLUBK
     71  f06b		       85 02		      sta	WSYNC
     72  f06d
     67  f06d					      REPEND
     68  f06d
     69  f06d		       e8		      inx
     70  f06e		       86 09		      stx	COLUBK
     71  f070		       85 02		      sta	WSYNC
     72  f072
     67  f072					      REPEND
     68  f072
     69  f072		       e8		      inx
     70  f073		       86 09		      stx	COLUBK
     71  f075		       85 02		      sta	WSYNC
     72  f077
     67  f077					      REPEND
     68  f077
     69  f077		       e8		      inx
     70  f078		       86 09		      stx	COLUBK
     71  f07a		       85 02		      sta	WSYNC
     72  f07c
     67  f07c					      REPEND
     68  f07c
     69  f07c		       e8		      inx
     70  f07d		       86 09		      stx	COLUBK
     71  f07f		       85 02		      sta	WSYNC
     72  f081
     67  f081					      REPEND
     68  f081
     69  f081		       e8		      inx
     70  f082		       86 09		      stx	COLUBK
     71  f084		       85 02		      sta	WSYNC
     72  f086
     67  f086					      REPEND
     68  f086
     69  f086		       e8		      inx
     70  f087		       86 09		      stx	COLUBK
     71  f089		       85 02		      sta	WSYNC
     72  f08b
     67  f08b					      REPEND
     68  f08b
     69  f08b		       e8		      inx
     70  f08c		       86 09		      stx	COLUBK
     71  f08e		       85 02		      sta	WSYNC
     72  f090
     67  f090					      REPEND
     68  f090
     69  f090		       e8		      inx
     70  f091		       86 09		      stx	COLUBK
     71  f093		       85 02		      sta	WSYNC
     72  f095
     67  f095					      REPEND
     68  f095
     69  f095		       e8		      inx
     70  f096		       86 09		      stx	COLUBK
     71  f098		       85 02		      sta	WSYNC
     72  f09a
     67  f09a					      REPEND
     68  f09a
     69  f09a		       e8		      inx
     70  f09b		       86 09		      stx	COLUBK
     71  f09d		       85 02		      sta	WSYNC
     72  f09f
     67  f09f					      REPEND
     68  f09f
     69  f09f		       e8		      inx
     70  f0a0		       86 09		      stx	COLUBK
     71  f0a2		       85 02		      sta	WSYNC
     72  f0a4
     67  f0a4					      REPEND
     68  f0a4
     69  f0a4		       e8		      inx
     70  f0a5		       86 09		      stx	COLUBK
     71  f0a7		       85 02		      sta	WSYNC
     72  f0a9
     67  f0a9					      REPEND
     68  f0a9
     69  f0a9		       e8		      inx
     70  f0aa		       86 09		      stx	COLUBK
     71  f0ac		       85 02		      sta	WSYNC
     72  f0ae
     67  f0ae					      REPEND
     68  f0ae
     69  f0ae		       e8		      inx
     70  f0af		       86 09		      stx	COLUBK
     71  f0b1		       85 02		      sta	WSYNC
     72  f0b3
     67  f0b3					      REPEND
     68  f0b3
     69  f0b3		       e8		      inx
     70  f0b4		       86 09		      stx	COLUBK
     71  f0b6		       85 02		      sta	WSYNC
     72  f0b8
     67  f0b8					      REPEND
     68  f0b8
     69  f0b8		       e8		      inx
     70  f0b9		       86 09		      stx	COLUBK
     71  f0bb		       85 02		      sta	WSYNC
     72  f0bd
     67  f0bd					      REPEND
     68  f0bd
     69  f0bd		       e8		      inx
     70  f0be		       86 09		      stx	COLUBK
     71  f0c0		       85 02		      sta	WSYNC
     72  f0c2
     67  f0c2					      REPEND
     68  f0c2
     69  f0c2		       e8		      inx
     70  f0c3		       86 09		      stx	COLUBK
     71  f0c5		       85 02		      sta	WSYNC
     72  f0c7
     67  f0c7					      REPEND
     68  f0c7
     69  f0c7		       e8		      inx
     70  f0c8		       86 09		      stx	COLUBK
     71  f0ca		       85 02		      sta	WSYNC
     72  f0cc
     67  f0cc					      REPEND
     68  f0cc
     69  f0cc		       e8		      inx
     70  f0cd		       86 09		      stx	COLUBK
     71  f0cf		       85 02		      sta	WSYNC
     72  f0d1
     67  f0d1					      REPEND
     68  f0d1
     69  f0d1		       e8		      inx
     70  f0d2		       86 09		      stx	COLUBK
     71  f0d4		       85 02		      sta	WSYNC
     72  f0d6
     67  f0d6					      REPEND
     68  f0d6
     69  f0d6		       e8		      inx
     70  f0d7		       86 09		      stx	COLUBK
     71  f0d9		       85 02		      sta	WSYNC
     72  f0db
     67  f0db					      REPEND
     68  f0db
     69  f0db		       e8		      inx
     70  f0dc		       86 09		      stx	COLUBK
     71  f0de		       85 02		      sta	WSYNC
     72  f0e0
     67  f0e0					      REPEND
     68  f0e0
     69  f0e0		       e8		      inx
     70  f0e1		       86 09		      stx	COLUBK
     71  f0e3		       85 02		      sta	WSYNC
     72  f0e5
     67  f0e5					      REPEND
     68  f0e5
     69  f0e5		       e8		      inx
     70  f0e6		       86 09		      stx	COLUBK
     71  f0e8		       85 02		      sta	WSYNC
     72  f0ea
     67  f0ea					      REPEND
     68  f0ea
     69  f0ea		       e8		      inx
     70  f0eb		       86 09		      stx	COLUBK
     71  f0ed		       85 02		      sta	WSYNC
     72  f0ef
     67  f0ef					      REPEND
     68  f0ef
     69  f0ef		       e8		      inx
     70  f0f0		       86 09		      stx	COLUBK
     71  f0f2		       85 02		      sta	WSYNC
     72  f0f4
     67  f0f4					      REPEND
     68  f0f4
     69  f0f4		       e8		      inx
     70  f0f5		       86 09		      stx	COLUBK
     71  f0f7		       85 02		      sta	WSYNC
     72  f0f9
     67  f0f9					      REPEND
     68  f0f9
     69  f0f9		       e8		      inx
     70  f0fa		       86 09		      stx	COLUBK
     71  f0fc		       85 02		      sta	WSYNC
     72  f0fe
     67  f0fe					      REPEND
     68  f0fe
     69  f0fe		       e8		      inx
     70  f0ff		       86 09		      stx	COLUBK
     71  f101		       85 02		      sta	WSYNC
     72  f103
     67  f103					      REPEND
     68  f103
     69  f103		       e8		      inx
     70  f104		       86 09		      stx	COLUBK
     71  f106		       85 02		      sta	WSYNC
     72  f108
     67  f108					      REPEND
     68  f108
     69  f108		       e8		      inx
     70  f109		       86 09		      stx	COLUBK
     71  f10b		       85 02		      sta	WSYNC
     72  f10d
     67  f10d					      REPEND
     68  f10d
     69  f10d		       e8		      inx
     70  f10e		       86 09		      stx	COLUBK
     71  f110		       85 02		      sta	WSYNC
     72  f112
     67  f112					      REPEND
     68  f112
     69  f112		       e8		      inx
     70  f113		       86 09		      stx	COLUBK
     71  f115		       85 02		      sta	WSYNC
     72  f117
     67  f117					      REPEND
     68  f117
     69  f117		       e8		      inx
     70  f118		       86 09		      stx	COLUBK
     71  f11a		       85 02		      sta	WSYNC
     72  f11c
     67  f11c					      REPEND
     68  f11c
     69  f11c		       e8		      inx
     70  f11d		       86 09		      stx	COLUBK
     71  f11f		       85 02		      sta	WSYNC
     72  f121
     67  f121					      REPEND
     68  f121
     69  f121		       e8		      inx
     70  f122		       86 09		      stx	COLUBK
     71  f124		       85 02		      sta	WSYNC
     72  f126
     67  f126					      REPEND
     68  f126
     69  f126		       e8		      inx
     70  f127		       86 09		      stx	COLUBK
     71  f129		       85 02		      sta	WSYNC
     72  f12b
     67  f12b					      REPEND
     68  f12b
     69  f12b		       e8		      inx
     70  f12c		       86 09		      stx	COLUBK
     71  f12e		       85 02		      sta	WSYNC
     72  f130
     67  f130					      REPEND
     68  f130
     69  f130		       e8		      inx
     70  f131		       86 09		      stx	COLUBK
     71  f133		       85 02		      sta	WSYNC
     72  f135
     67  f135					      REPEND
     68  f135
     69  f135		       e8		      inx
     70  f136		       86 09		      stx	COLUBK
     71  f138		       85 02		      sta	WSYNC
     72  f13a
     67  f13a					      REPEND
     68  f13a
     69  f13a		       e8		      inx
     70  f13b		       86 09		      stx	COLUBK
     71  f13d		       85 02		      sta	WSYNC
     72  f13f
     67  f13f					      REPEND
     68  f13f
     69  f13f		       e8		      inx
     70  f140		       86 09		      stx	COLUBK
     71  f142		       85 02		      sta	WSYNC
     72  f144
     67  f144					      REPEND
     68  f144
     69  f144		       e8		      inx
     70  f145		       86 09		      stx	COLUBK
     71  f147		       85 02		      sta	WSYNC
     72  f149
     67  f149					      REPEND
     68  f149
     69  f149		       e8		      inx
     70  f14a		       86 09		      stx	COLUBK
     71  f14c		       85 02		      sta	WSYNC
     72  f14e
     67  f14e					      REPEND
     68  f14e
     69  f14e		       e8		      inx
     70  f14f		       86 09		      stx	COLUBK
     71  f151		       85 02		      sta	WSYNC
     72  f153
     67  f153					      REPEND
     68  f153
     69  f153		       e8		      inx
     70  f154		       86 09		      stx	COLUBK
     71  f156		       85 02		      sta	WSYNC
     72  f158
     67  f158					      REPEND
     68  f158
     69  f158		       e8		      inx
     70  f159		       86 09		      stx	COLUBK
     71  f15b		       85 02		      sta	WSYNC
     72  f15d
     67  f15d					      REPEND
     68  f15d
     69  f15d		       e8		      inx
     70  f15e		       86 09		      stx	COLUBK
     71  f160		       85 02		      sta	WSYNC
     72  f162
     67  f162					      REPEND
     68  f162
     69  f162		       e8		      inx
     70  f163		       86 09		      stx	COLUBK
     71  f165		       85 02		      sta	WSYNC
     72  f167
     67  f167					      REPEND
     68  f167
     69  f167		       e8		      inx
     70  f168		       86 09		      stx	COLUBK
     71  f16a		       85 02		      sta	WSYNC
     72  f16c
     67  f16c					      REPEND
     68  f16c
     69  f16c		       e8		      inx
     70  f16d		       86 09		      stx	COLUBK
     71  f16f		       85 02		      sta	WSYNC
     72  f171
     67  f171					      REPEND
     68  f171
     69  f171		       e8		      inx
     70  f172		       86 09		      stx	COLUBK
     71  f174		       85 02		      sta	WSYNC
     72  f176
     67  f176					      REPEND
     68  f176
     69  f176		       e8		      inx
     70  f177		       86 09		      stx	COLUBK
     71  f179		       85 02		      sta	WSYNC
     72  f17b
     67  f17b					      REPEND
     68  f17b
     69  f17b		       e8		      inx
     70  f17c		       86 09		      stx	COLUBK
     71  f17e		       85 02		      sta	WSYNC
     72  f180
     67  f180					      REPEND
     68  f180
     69  f180		       e8		      inx
     70  f181		       86 09		      stx	COLUBK
     71  f183		       85 02		      sta	WSYNC
     72  f185
     67  f185					      REPEND
     68  f185
     69  f185		       e8		      inx
     70  f186		       86 09		      stx	COLUBK
     71  f188		       85 02		      sta	WSYNC
     72  f18a
     67  f18a					      REPEND
     68  f18a
     69  f18a		       e8		      inx
     70  f18b		       86 09		      stx	COLUBK
     71  f18d		       85 02		      sta	WSYNC
     72  f18f
     67  f18f					      REPEND
     68  f18f
     69  f18f		       e8		      inx
     70  f190		       86 09		      stx	COLUBK
     71  f192		       85 02		      sta	WSYNC
     72  f194
     67  f194					      REPEND
     68  f194
     69  f194		       e8		      inx
     70  f195		       86 09		      stx	COLUBK
     71  f197		       85 02		      sta	WSYNC
     72  f199
     67  f199					      REPEND
     68  f199
     69  f199		       e8		      inx
     70  f19a		       86 09		      stx	COLUBK
     71  f19c		       85 02		      sta	WSYNC
     72  f19e
     67  f19e					      REPEND
     68  f19e
     69  f19e		       e8		      inx
     70  f19f		       86 09		      stx	COLUBK
     71  f1a1		       85 02		      sta	WSYNC
     72  f1a3
     67  f1a3					      REPEND
     68  f1a3
     69  f1a3		       e8		      inx
     70  f1a4		       86 09		      stx	COLUBK
     71  f1a6		       85 02		      sta	WSYNC
     72  f1a8
     67  f1a8					      REPEND
     68  f1a8
     69  f1a8		       e8		      inx
     70  f1a9		       86 09		      stx	COLUBK
     71  f1ab		       85 02		      sta	WSYNC
     72  f1ad
     67  f1ad					      REPEND
     68  f1ad
     69  f1ad		       e8		      inx
     70  f1ae		       86 09		      stx	COLUBK
     71  f1b0		       85 02		      sta	WSYNC
     72  f1b2
     67  f1b2					      REPEND
     68  f1b2
     69  f1b2		       e8		      inx
     70  f1b3		       86 09		      stx	COLUBK
     71  f1b5		       85 02		      sta	WSYNC
     72  f1b7
     67  f1b7					      REPEND
     68  f1b7
     69  f1b7		       e8		      inx
     70  f1b8		       86 09		      stx	COLUBK
     71  f1ba		       85 02		      sta	WSYNC
     72  f1bc
     67  f1bc					      REPEND
     68  f1bc
     69  f1bc		       e8		      inx
     70  f1bd		       86 09		      stx	COLUBK
     71  f1bf		       85 02		      sta	WSYNC
     72  f1c1
     67  f1c1					      REPEND
     68  f1c1
     69  f1c1		       e8		      inx
     70  f1c2		       86 09		      stx	COLUBK
     71  f1c4		       85 02		      sta	WSYNC
     72  f1c6
     67  f1c6					      REPEND
     68  f1c6
     69  f1c6		       e8		      inx
     70  f1c7		       86 09		      stx	COLUBK
     71  f1c9		       85 02		      sta	WSYNC
     72  f1cb
     67  f1cb					      REPEND
     68  f1cb
     69  f1cb		       e8		      inx
     70  f1cc		       86 09		      stx	COLUBK
     71  f1ce		       85 02		      sta	WSYNC
     72  f1d0
     67  f1d0					      REPEND
     68  f1d0
     69  f1d0		       e8		      inx
     70  f1d1		       86 09		      stx	COLUBK
     71  f1d3		       85 02		      sta	WSYNC
     72  f1d5
     67  f1d5					      REPEND
     68  f1d5
     69  f1d5		       e8		      inx
     70  f1d6		       86 09		      stx	COLUBK
     71  f1d8		       85 02		      sta	WSYNC
     72  f1da
     67  f1da					      REPEND
     68  f1da
     69  f1da		       e8		      inx
     70  f1db		       86 09		      stx	COLUBK
     71  f1dd		       85 02		      sta	WSYNC
     72  f1df
     67  f1df					      REPEND
     68  f1df
     69  f1df		       e8		      inx
     70  f1e0		       86 09		      stx	COLUBK
     71  f1e2		       85 02		      sta	WSYNC
     72  f1e4
     67  f1e4					      REPEND
     68  f1e4
     69  f1e4		       e8		      inx
     70  f1e5		       86 09		      stx	COLUBK
     71  f1e7		       85 02		      sta	WSYNC
     72  f1e9
     67  f1e9					      REPEND
     68  f1e9
     69  f1e9		       e8		      inx
     70  f1ea		       86 09		      stx	COLUBK
     71  f1ec		       85 02		      sta	WSYNC
     72  f1ee
     67  f1ee					      REPEND
     68  f1ee
     69  f1ee		       e8		      inx
     70  f1ef		       86 09		      stx	COLUBK
     71  f1f1		       85 02		      sta	WSYNC
     72  f1f3
     67  f1f3					      REPEND
     68  f1f3
     69  f1f3		       e8		      inx
     70  f1f4		       86 09		      stx	COLUBK
     71  f1f6		       85 02		      sta	WSYNC
     72  f1f8
     67  f1f8					      REPEND
     68  f1f8
     69  f1f8		       e8		      inx
     70  f1f9		       86 09		      stx	COLUBK
     71  f1fb		       85 02		      sta	WSYNC
     72  f1fd
     67  f1fd					      REPEND
     68  f1fd
     69  f1fd		       e8		      inx
     70  f1fe		       86 09		      stx	COLUBK
     71  f200		       85 02		      sta	WSYNC
     72  f202
     67  f202					      REPEND
     68  f202
     69  f202		       e8		      inx
     70  f203		       86 09		      stx	COLUBK
     71  f205		       85 02		      sta	WSYNC
     72  f207
     67  f207					      REPEND
     68  f207
     69  f207		       e8		      inx
     70  f208		       86 09		      stx	COLUBK
     71  f20a		       85 02		      sta	WSYNC
     72  f20c
     67  f20c					      REPEND
     68  f20c
     69  f20c		       e8		      inx
     70  f20d		       86 09		      stx	COLUBK
     71  f20f		       85 02		      sta	WSYNC
     72  f211
     67  f211					      REPEND
     68  f211
     69  f211		       e8		      inx
     70  f212		       86 09		      stx	COLUBK
     71  f214		       85 02		      sta	WSYNC
     72  f216
     67  f216					      REPEND
     68  f216
     69  f216		       e8		      inx
     70  f217		       86 09		      stx	COLUBK
     71  f219		       85 02		      sta	WSYNC
     72  f21b
     67  f21b					      REPEND
     68  f21b
     69  f21b		       e8		      inx
     70  f21c		       86 09		      stx	COLUBK
     71  f21e		       85 02		      sta	WSYNC
     72  f220
     67  f220					      REPEND
     68  f220
     69  f220		       e8		      inx
     70  f221		       86 09		      stx	COLUBK
     71  f223		       85 02		      sta	WSYNC
     72  f225
     67  f225					      REPEND
     68  f225
     69  f225		       e8		      inx
     70  f226		       86 09		      stx	COLUBK
     71  f228		       85 02		      sta	WSYNC
     72  f22a
     67  f22a					      REPEND
     68  f22a
     69  f22a		       e8		      inx
     70  f22b		       86 09		      stx	COLUBK
     71  f22d		       85 02		      sta	WSYNC
     72  f22f
     67  f22f					      REPEND
     68  f22f
     69  f22f		       e8		      inx
     70  f230		       86 09		      stx	COLUBK
     71  f232		       85 02		      sta	WSYNC
     72  f234
     67  f234					      REPEND
     68  f234
     69  f234		       e8		      inx
     70  f235		       86 09		      stx	COLUBK
     71  f237		       85 02		      sta	WSYNC
     72  f239
     67  f239					      REPEND
     68  f239
     69  f239		       e8		      inx
     70  f23a		       86 09		      stx	COLUBK
     71  f23c		       85 02		      sta	WSYNC
     72  f23e
     67  f23e					      REPEND
     68  f23e
     69  f23e		       e8		      inx
     70  f23f		       86 09		      stx	COLUBK
     71  f241		       85 02		      sta	WSYNC
     72  f243
     67  f243					      REPEND
     68  f243
     69  f243		       e8		      inx
     70  f244		       86 09		      stx	COLUBK
     71  f246		       85 02		      sta	WSYNC
     72  f248
     67  f248					      REPEND
     68  f248
     69  f248		       e8		      inx
     70  f249		       86 09		      stx	COLUBK
     71  f24b		       85 02		      sta	WSYNC
     72  f24d
     67  f24d					      REPEND
     68  f24d
     69  f24d		       e8		      inx
     70  f24e		       86 09		      stx	COLUBK
     71  f250		       85 02		      sta	WSYNC
     72  f252
     67  f252					      REPEND
     68  f252
     69  f252		       e8		      inx
     70  f253		       86 09		      stx	COLUBK
     71  f255		       85 02		      sta	WSYNC
     72  f257
     67  f257					      REPEND
     68  f257
     69  f257		       e8		      inx
     70  f258		       86 09		      stx	COLUBK
     71  f25a		       85 02		      sta	WSYNC
     72  f25c
     67  f25c					      REPEND
     68  f25c
     69  f25c		       e8		      inx
     70  f25d		       86 09		      stx	COLUBK
     71  f25f		       85 02		      sta	WSYNC
     72  f261
     67  f261					      REPEND
     68  f261
     69  f261		       e8		      inx
     70  f262		       86 09		      stx	COLUBK
     71  f264		       85 02		      sta	WSYNC
     72  f266
     67  f266					      REPEND
     68  f266
     69  f266		       e8		      inx
     70  f267		       86 09		      stx	COLUBK
     71  f269		       85 02		      sta	WSYNC
     72  f26b
     67  f26b					      REPEND
     68  f26b
     69  f26b		       e8		      inx
     70  f26c		       86 09		      stx	COLUBK
     71  f26e		       85 02		      sta	WSYNC
     72  f270
     67  f270					      REPEND
     68  f270
     69  f270		       e8		      inx
     70  f271		       86 09		      stx	COLUBK
     71  f273		       85 02		      sta	WSYNC
     72  f275
     67  f275					      REPEND
     68  f275
     69  f275		       e8		      inx
     70  f276		       86 09		      stx	COLUBK
     71  f278		       85 02		      sta	WSYNC
     72  f27a
     67  f27a					      REPEND
     68  f27a
     69  f27a		       e8		      inx
     70  f27b		       86 09		      stx	COLUBK
     71  f27d		       85 02		      sta	WSYNC
     72  f27f
     67  f27f					      REPEND
     68  f27f
     69  f27f		       e8		      inx
     70  f280		       86 09		      stx	COLUBK
     71  f282		       85 02		      sta	WSYNC
     72  f284
     67  f284					      REPEND
     68  f284
     69  f284		       e8		      inx
     70  f285		       86 09		      stx	COLUBK
     71  f287		       85 02		      sta	WSYNC
     72  f289
     67  f289					      REPEND
     68  f289
     69  f289		       e8		      inx
     70  f28a		       86 09		      stx	COLUBK
     71  f28c		       85 02		      sta	WSYNC
     72  f28e
     67  f28e					      REPEND
     68  f28e
     69  f28e		       e8		      inx
     70  f28f		       86 09		      stx	COLUBK
     71  f291		       85 02		      sta	WSYNC
     72  f293
     67  f293					      REPEND
     68  f293
     69  f293		       e8		      inx
     70  f294		       86 09		      stx	COLUBK
     71  f296		       85 02		      sta	WSYNC
     72  f298
     67  f298					      REPEND
     68  f298
     69  f298		       e8		      inx
     70  f299		       86 09		      stx	COLUBK
     71  f29b		       85 02		      sta	WSYNC
     72  f29d
     67  f29d					      REPEND
     68  f29d
     69  f29d		       e8		      inx
     70  f29e		       86 09		      stx	COLUBK
     71  f2a0		       85 02		      sta	WSYNC
     72  f2a2
     67  f2a2					      REPEND
     68  f2a2
     69  f2a2		       e8		      inx
     70  f2a3		       86 09		      stx	COLUBK
     71  f2a5		       85 02		      sta	WSYNC
     72  f2a7
     67  f2a7					      REPEND
     68  f2a7
     69  f2a7		       e8		      inx
     70  f2a8		       86 09		      stx	COLUBK
     71  f2aa		       85 02		      sta	WSYNC
     72  f2ac
     67  f2ac					      REPEND
     68  f2ac
     69  f2ac		       e8		      inx
     70  f2ad		       86 09		      stx	COLUBK
     71  f2af		       85 02		      sta	WSYNC
     72  f2b1
     67  f2b1					      REPEND
     68  f2b1
     69  f2b1		       e8		      inx
     70  f2b2		       86 09		      stx	COLUBK
     71  f2b4		       85 02		      sta	WSYNC
     72  f2b6
     67  f2b6					      REPEND
     68  f2b6
     69  f2b6		       e8		      inx
     70  f2b7		       86 09		      stx	COLUBK
     71  f2b9		       85 02		      sta	WSYNC
     72  f2bb
     67  f2bb					      REPEND
     68  f2bb
     69  f2bb		       e8		      inx
     70  f2bc		       86 09		      stx	COLUBK
     71  f2be		       85 02		      sta	WSYNC
     72  f2c0
     67  f2c0					      REPEND
     68  f2c0
     69  f2c0		       e8		      inx
     70  f2c1		       86 09		      stx	COLUBK
     71  f2c3		       85 02		      sta	WSYNC
     72  f2c5
     67  f2c5					      REPEND
     68  f2c5
     69  f2c5		       e8		      inx
     70  f2c6		       86 09		      stx	COLUBK
     71  f2c8		       85 02		      sta	WSYNC
     72  f2ca
     67  f2ca					      REPEND
     68  f2ca
     69  f2ca		       e8		      inx
     70  f2cb		       86 09		      stx	COLUBK
     71  f2cd		       85 02		      sta	WSYNC
     72  f2cf
     67  f2cf					      REPEND
     68  f2cf
     69  f2cf		       e8		      inx
     70  f2d0		       86 09		      stx	COLUBK
     71  f2d2		       85 02		      sta	WSYNC
     72  f2d4
     67  f2d4					      REPEND
     68  f2d4
     69  f2d4		       e8		      inx
     70  f2d5		       86 09		      stx	COLUBK
     71  f2d7		       85 02		      sta	WSYNC
     72  f2d9
     67  f2d9					      REPEND
     68  f2d9
     69  f2d9		       e8		      inx
     70  f2da		       86 09		      stx	COLUBK
     71  f2dc		       85 02		      sta	WSYNC
     72  f2de
     67  f2de					      REPEND
     68  f2de
     69  f2de		       e8		      inx
     70  f2df		       86 09		      stx	COLUBK
     71  f2e1		       85 02		      sta	WSYNC
     72  f2e3
     67  f2e3					      REPEND
     68  f2e3
     69  f2e3		       e8		      inx
     70  f2e4		       86 09		      stx	COLUBK
     71  f2e6		       85 02		      sta	WSYNC
     72  f2e8
     67  f2e8					      REPEND
     68  f2e8
     69  f2e8		       e8		      inx
     70  f2e9		       86 09		      stx	COLUBK
     71  f2eb		       85 02		      sta	WSYNC
     72  f2ed
     67  f2ed					      REPEND
     68  f2ed
     69  f2ed		       e8		      inx
     70  f2ee		       86 09		      stx	COLUBK
     71  f2f0		       85 02		      sta	WSYNC
     72  f2f2
     67  f2f2					      REPEND
     68  f2f2
     69  f2f2		       e8		      inx
     70  f2f3		       86 09		      stx	COLUBK
     71  f2f5		       85 02		      sta	WSYNC
     72  f2f7
     67  f2f7					      REPEND
     68  f2f7
     69  f2f7		       e8		      inx
     70  f2f8		       86 09		      stx	COLUBK
     71  f2fa		       85 02		      sta	WSYNC
     72  f2fc
     67  f2fc					      REPEND
     68  f2fc
     69  f2fc		       e8		      inx
     70  f2fd		       86 09		      stx	COLUBK
     71  f2ff		       85 02		      sta	WSYNC
     72  f301
     67  f301					      REPEND
     68  f301
     69  f301		       e8		      inx
     70  f302		       86 09		      stx	COLUBK
     71  f304		       85 02		      sta	WSYNC
     72  f306
     67  f306					      REPEND
     68  f306
     69  f306		       e8		      inx
     70  f307		       86 09		      stx	COLUBK
     71  f309		       85 02		      sta	WSYNC
     72  f30b
     67  f30b					      REPEND
     68  f30b
     69  f30b		       e8		      inx
     70  f30c		       86 09		      stx	COLUBK
     71  f30e		       85 02		      sta	WSYNC
     72  f310
     67  f310					      REPEND
     68  f310
     69  f310		       e8		      inx
     70  f311		       86 09		      stx	COLUBK
     71  f313		       85 02		      sta	WSYNC
     72  f315
     67  f315					      REPEND
     68  f315
     69  f315		       e8		      inx
     70  f316		       86 09		      stx	COLUBK
     71  f318		       85 02		      sta	WSYNC
     72  f31a
     67  f31a					      REPEND
     68  f31a
     69  f31a		       e8		      inx
     70  f31b		       86 09		      stx	COLUBK
     71  f31d		       85 02		      sta	WSYNC
     72  f31f
     67  f31f					      REPEND
     68  f31f
     69  f31f		       e8		      inx
     70  f320		       86 09		      stx	COLUBK
     71  f322		       85 02		      sta	WSYNC
     72  f324
     67  f324					      REPEND
     68  f324
     69  f324		       e8		      inx
     70  f325		       86 09		      stx	COLUBK
     71  f327		       85 02		      sta	WSYNC
     72  f329
     67  f329					      REPEND
     68  f329
     69  f329		       e8		      inx
     70  f32a		       86 09		      stx	COLUBK
     71  f32c		       85 02		      sta	WSYNC
     72  f32e
     67  f32e					      REPEND
     68  f32e
     69  f32e		       e8		      inx
     70  f32f		       86 09		      stx	COLUBK
     71  f331		       85 02		      sta	WSYNC
     72  f333
     67  f333					      REPEND
     68  f333
     69  f333		       e8		      inx
     70  f334		       86 09		      stx	COLUBK
     71  f336		       85 02		      sta	WSYNC
     72  f338
     67  f338					      REPEND
     68  f338
     69  f338		       e8		      inx
     70  f339		       86 09		      stx	COLUBK
     71  f33b		       85 02		      sta	WSYNC
     72  f33d
     67  f33d					      REPEND
     68  f33d
     69  f33d		       e8		      inx
     70  f33e		       86 09		      stx	COLUBK
     71  f340		       85 02		      sta	WSYNC
     72  f342
     67  f342					      REPEND
     68  f342
     69  f342		       e8		      inx
     70  f343		       86 09		      stx	COLUBK
     71  f345		       85 02		      sta	WSYNC
     72  f347
     67  f347					      REPEND
     68  f347
     69  f347		       e8		      inx
     70  f348		       86 09		      stx	COLUBK
     71  f34a		       85 02		      sta	WSYNC
     72  f34c
     67  f34c					      REPEND
     68  f34c
     69  f34c		       e8		      inx
     70  f34d		       86 09		      stx	COLUBK
     71  f34f		       85 02		      sta	WSYNC
     72  f351
     67  f351					      REPEND
     68  f351
     69  f351		       e8		      inx
     70  f352		       86 09		      stx	COLUBK
     71  f354		       85 02		      sta	WSYNC
     72  f356
     67  f356					      REPEND
     68  f356
     69  f356		       e8		      inx
     70  f357		       86 09		      stx	COLUBK
     71  f359		       85 02		      sta	WSYNC
     72  f35b
     67  f35b					      REPEND
     68  f35b
     69  f35b		       e8		      inx
     70  f35c		       86 09		      stx	COLUBK
     71  f35e		       85 02		      sta	WSYNC
     72  f360
     67  f360					      REPEND
     68  f360
     69  f360		       e8		      inx
     70  f361		       86 09		      stx	COLUBK
     71  f363		       85 02		      sta	WSYNC
     72  f365
     67  f365					      REPEND
     68  f365
     69  f365		       e8		      inx
     70  f366		       86 09		      stx	COLUBK
     71  f368		       85 02		      sta	WSYNC
     72  f36a
     67  f36a					      REPEND
     68  f36a
     69  f36a		       e8		      inx
     70  f36b		       86 09		      stx	COLUBK
     71  f36d		       85 02		      sta	WSYNC
     72  f36f
     67  f36f					      REPEND
     68  f36f
     69  f36f		       e8		      inx
     70  f370		       86 09		      stx	COLUBK
     71  f372		       85 02		      sta	WSYNC
     72  f374
     67  f374					      REPEND
     68  f374
     69  f374		       e8		      inx
     70  f375		       86 09		      stx	COLUBK
     71  f377		       85 02		      sta	WSYNC
     72  f379
     67  f379					      REPEND
     68  f379
     69  f379		       e8		      inx
     70  f37a		       86 09		      stx	COLUBK
     71  f37c		       85 02		      sta	WSYNC
     72  f37e
     67  f37e					      REPEND
     68  f37e
     69  f37e		       e8		      inx
     70  f37f		       86 09		      stx	COLUBK
     71  f381		       85 02		      sta	WSYNC
     72  f383
     67  f383					      REPEND
     68  f383
     69  f383		       e8		      inx
     70  f384		       86 09		      stx	COLUBK
     71  f386		       85 02		      sta	WSYNC
     72  f388
     67  f388					      REPEND
     68  f388
     69  f388		       e8		      inx
     70  f389		       86 09		      stx	COLUBK
     71  f38b		       85 02		      sta	WSYNC
     72  f38d
     67  f38d					      REPEND
     68  f38d
     69  f38d		       e8		      inx
     70  f38e		       86 09		      stx	COLUBK
     71  f390		       85 02		      sta	WSYNC
     72  f392
     67  f392					      REPEND
     68  f392
     69  f392		       e8		      inx
     70  f393		       86 09		      stx	COLUBK
     71  f395		       85 02		      sta	WSYNC
     72  f397
     67  f397					      REPEND
     68  f397
     69  f397		       e8		      inx
     70  f398		       86 09		      stx	COLUBK
     71  f39a		       85 02		      sta	WSYNC
     72  f39c
     67  f39c					      REPEND
     68  f39c
     69  f39c		       e8		      inx
     70  f39d		       86 09		      stx	COLUBK
     71  f39f		       85 02		      sta	WSYNC
     72  f3a1
     67  f3a1					      REPEND
     68  f3a1
     69  f3a1		       e8		      inx
     70  f3a2		       86 09		      stx	COLUBK
     71  f3a4		       85 02		      sta	WSYNC
     72  f3a6
     67  f3a6					      REPEND
     68  f3a6
     69  f3a6		       e8		      inx
     70  f3a7		       86 09		      stx	COLUBK
     71  f3a9		       85 02		      sta	WSYNC
     72  f3ab
     67  f3ab					      REPEND
     68  f3ab
     69  f3ab		       e8		      inx
     70  f3ac		       86 09		      stx	COLUBK
     71  f3ae		       85 02		      sta	WSYNC
     72  f3b0
     67  f3b0					      REPEND
     68  f3b0
     69  f3b0		       e8		      inx
     70  f3b1		       86 09		      stx	COLUBK
     71  f3b3		       85 02		      sta	WSYNC
     72  f3b5
     67  f3b5					      REPEND
     68  f3b5
     69  f3b5		       e8		      inx
     70  f3b6		       86 09		      stx	COLUBK
     71  f3b8		       85 02		      sta	WSYNC
     72  f3ba
     67  f3ba					      REPEND
     68  f3ba
     69  f3ba		       e8		      inx
     70  f3bb		       86 09		      stx	COLUBK
     71  f3bd		       85 02		      sta	WSYNC
     72  f3bf
     67  f3bf					      REPEND
     68  f3bf
     69  f3bf		       e8		      inx
     70  f3c0		       86 09		      stx	COLUBK
     71  f3c2		       85 02		      sta	WSYNC
     72  f3c4
     67  f3c4					      REPEND
     68  f3c4
     69  f3c4		       e8		      inx
     70  f3c5		       86 09		      stx	COLUBK
     71  f3c7		       85 02		      sta	WSYNC
     72  f3c9
     67  f3c9					      REPEND
     68  f3c9
     69  f3c9		       e8		      inx
     70  f3ca		       86 09		      stx	COLUBK
     71  f3cc		       85 02		      sta	WSYNC
     72  f3ce
     67  f3ce					      REPEND
     68  f3ce
     69  f3ce		       e8		      inx
     70  f3cf		       86 09		      stx	COLUBK
     71  f3d1		       85 02		      sta	WSYNC
     72  f3d3
     67  f3d3					      REPEND
     68  f3d3
     69  f3d3		       e8		      inx
     70  f3d4		       86 09		      stx	COLUBK
     71  f3d6		       85 02		      sta	WSYNC
     72  f3d8
     67  f3d8					      REPEND
     68  f3d8
     69  f3d8		       e8		      inx
     70  f3d9		       86 09		      stx	COLUBK
     71  f3db		       85 02		      sta	WSYNC
     72  f3dd
     67  f3dd					      REPEND
     68  f3dd
     69  f3dd		       e8		      inx
     70  f3de		       86 09		      stx	COLUBK
     71  f3e0		       85 02		      sta	WSYNC
     72  f3e2
     67  f3e2					      REPEND
     68  f3e2
     69  f3e2		       e8		      inx
     70  f3e3		       86 09		      stx	COLUBK
     71  f3e5		       85 02		      sta	WSYNC
     72  f3e7
     67  f3e7					      REPEND
     68  f3e7
     69  f3e7		       e8		      inx
     70  f3e8		       86 09		      stx	COLUBK
     71  f3ea		       85 02		      sta	WSYNC
     72  f3ec
     67  f3ec					      REPEND
     68  f3ec
     69  f3ec		       e8		      inx
     70  f3ed		       86 09		      stx	COLUBK
     71  f3ef		       85 02		      sta	WSYNC
     72  f3f1
     67  f3f1					      REPEND
     68  f3f1
     69  f3f1		       e8		      inx
     70  f3f2		       86 09		      stx	COLUBK
     71  f3f4		       85 02		      sta	WSYNC
     72  f3f6
     67  f3f6					      REPEND
     68  f3f6
     69  f3f6		       e8		      inx
     70  f3f7		       86 09		      stx	COLUBK
     71  f3f9		       85 02		      sta	WSYNC
     72  f3fb
     67  f3fb					      REPEND
     68  f3fb
     69  f3fb		       e8		      inx
     70  f3fc		       86 09		      stx	COLUBK
     71  f3fe		       85 02		      sta	WSYNC
     72  f400
     67  f400					      REPEND
     68  f400
     69  f400		       e8		      inx
     70  f401		       86 09		      stx	COLUBK
     71  f403		       85 02		      sta	WSYNC
     72  f405
     67  f405					      REPEND
     68  f405
     69  f405		       e8		      inx
     70  f406		       86 09		      stx	COLUBK
     71  f408		       85 02		      sta	WSYNC
     72  f40a
     67  f40a					      REPEND
     68  f40a
     69  f40a		       e8		      inx
     70  f40b		       86 09		      stx	COLUBK
     71  f40d		       85 02		      sta	WSYNC
     72  f40f
     67  f40f					      REPEND
     68  f40f
     69  f40f		       e8		      inx
     70  f410		       86 09		      stx	COLUBK
     71  f412		       85 02		      sta	WSYNC
     72  f414
     67  f414					      REPEND
     68  f414
     69  f414		       e8		      inx
     70  f415		       86 09		      stx	COLUBK
     71  f417		       85 02		      sta	WSYNC
     72  f419
     67  f419					      REPEND
     68  f419
     69  f419		       e8		      inx
     70  f41a		       86 09		      stx	COLUBK
     71  f41c		       85 02		      sta	WSYNC
     72  f41e
     73  f41e					      REPEND
     74  f41e
     75  f41e		       a9 42		      lda	#%01000010
     76  f420		       85 01		      sta	VBLANK	; end of screen
     77  f422
     78  f422							; 30 scanlines of overscan
     79  f422		       85 02		      sta	WSYNC
     80  f424		       85 02		      sta	WSYNC
     81  f426		       85 02		      sta	WSYNC
     82  f428		       85 02		      sta	WSYNC
     83  f42a		       85 02		      sta	WSYNC
     84  f42c		       85 02		      sta	WSYNC
     85  f42e		       85 02		      sta	WSYNC
     86  f430		       85 02		      sta	WSYNC
     87  f432		       85 02		      sta	WSYNC
     88  f434		       85 02		      sta	WSYNC
     89  f436		       85 02		      sta	WSYNC
     90  f438		       85 02		      sta	WSYNC
     91  f43a		       85 02		      sta	WSYNC
     92  f43c		       85 02		      sta	WSYNC
     93  f43e		       85 02		      sta	WSYNC
     94  f440		       85 02		      sta	WSYNC
     95  f442		       85 02		      sta	WSYNC
     96  f444		       85 02		      sta	WSYNC
     97  f446		       85 02		      sta	WSYNC
     98  f448		       85 02		      sta	WSYNC
     99  f44a		       85 02		      sta	WSYNC
    100  f44c		       85 02		      sta	WSYNC
    101  f44e		       85 02		      sta	WSYNC
    102  f450		       85 02		      sta	WSYNC
    103  f452		       85 02		      sta	WSYNC
    104  f454		       85 02		      sta	WSYNC
    105  f456		       85 02		      sta	WSYNC
    106  f458		       85 02		      sta	WSYNC
    107  f45a		       85 02		      sta	WSYNC
    108  f45c		       85 02		      sta	WSYNC
    109  f45e
    110  f45e		       4c 00 f0 	      jmp	StartOfFrame
    111  f461
    112  fffa					      ORG	$FFFA
    113  fffa
    114  fffa		       00 f0		      .word.w	Reset	; NMI
    115  fffc		       00 f0		      .word.w	Reset	; RESET
    116  fffe		       00 f0		      .word.w	Reset	; IRQ
    117  10000
    118  10000				    END
    119  10000							; sample code
    120  10000							; end sample code
    121  10000
------- FILE macro.h LEVEL 2 PASS 2
      0  10000					       include	"macro.h"
      1  10000							; MACRO.H
      2  10000							; Version 1.09, 05/SEP/2020
      3  10000
      4  10000			00 6d	    VERSION_MACRO =	109
      5  10000
      6  10000							;
      7  10000							; THIS FILE IS EXPLICITLY SUPPORTED AS A DASM-PREFERRED COMPANION FILE
      8  10000							; The latest version can be found at https://dasm-assembler.github.io/
      9  10000							;
     10  10000							; This file defines DASM macros useful for development for the Atari 2600.
     11  10000							; It is distributed as a companion machine-specific support package
     12  10000							; for the DASM compiler.
     13  10000							;
     14  10000							; Many thanks to the people who have contributed. If you find an issue with the
     15  10000							; contents, or would like ot add something, please report as an issue at...
     16  10000							; https://github.com/dasm-assembler/dasm/issues
     17  10000
     18  10000
     19  10000							; Latest Revisions...
     20  10000							; 1.09  05/SEP/2020	 - updated license/links
     21  10000
     22  10000							; 1.08  13/JUL/2020	 - added use of LXA to CLEAN_START
     23  10000							; 1.07  19/JAN/2020	 - correction to comment VERTICAL_SYNC
     24  10000							; 1.06  03/SEP/2004	 - nice revision of VERTICAL_SYNC (Edwin Blink)
     25  10000							; 1.05  14/NOV/2003	 - Added VERSION_MACRO equate (which will reflect 100x version #)
     26  10000							;			   This will allow conditional code to verify MACRO.H being
     27  10000							;			   used for code assembly.
     28  10000							; 1.04  13/NOV/2003	 - SET_POINTER macro added (16-bit address load)
     29  10000							;
     30  10000							; 1.03  23/JUN/2003	 - CLEAN_START macro added - clears TIA, RAM, registers
     31  10000							;
     32  10000							; 1.02  14/JUN/2003	 - VERTICAL_SYNC macro added
     33  10000							;			   (standardised macro for vertical synch code)
     34  10000							; 1.01  22/MAR/2003	 - SLEEP macro added. 
     35  10000							;			 - NO_ILLEGAL_OPCODES switch implemented
     36  10000							; 1.0	22/MAR/2003		Initial release
     37  10000
     38  10000							; Note: These macros use illegal opcodes.  To disable illegal opcode usage, 
     39  10000							;   define the symbol NO_ILLEGAL_OPCODES (-DNO_ILLEGAL_OPCODES=1 on command-line).
     40  10000							;   If you do not allow illegal opcode usage, you must include this file 
     41  10000							;   *after* including VCS.H (as the non-illegal opcodes access hardware
     42  10000							;   registers and require them to be defined first).
     43  10000
     44  10000							; Available macros...
     45  10000							;   SLEEP n		 - sleep for n cycles
     46  10000							;   VERTICAL_SYNC	 - correct 3 scanline vertical synch code
     47  10000							;   CLEAN_START	 - set machine to known state on startup
     48  10000							;   SET_POINTER	 - load a 16-bit absolute to a 16-bit variable
     49  10000
     50  10000							;-------------------------------------------------------------------------------
     51  10000							; SLEEP duration
     52  10000							; Original author: Thomas Jentzsch
     53  10000							; Inserts code which takes the specified number of cycles to execute.	This is
     54  10000							; useful for code where precise timing is required.
     55  10000							; ILLEGAL-OPCODE VERSION DOES NOT AFFECT FLAGS OR REGISTERS.
     56  10000							; LEGAL OPCODE VERSION MAY AFFECT FLAGS
     57  10000							; Uses illegal opcode (DASM 2.20.01 onwards).
     58  10000
     59  10000					       MAC	sleep
     60  10000				    .CYCLES    SET	{1}
     61  10000
     62  10000					       IF	.CYCLES < 2
     63  10000					       ECHO	"MACRO ERROR: 'SLEEP': Duration must be > 1"
     64  10000					       ERR
     65  10000					       ENDIF
     66  10000
     67  10000					       IF	.CYCLES & 1
     68  10000					       IFNCONST	NO_ILLEGAL_OPCODES
     69  10000					       nop	0
     70  10000					       ELSE
     71  10000					       bit	VSYNC
     72  10000					       ENDIF
     73  10000				    .CYCLES    SET	.CYCLES - 3
     74  10000					       ENDIF
     75  10000
     76  10000					       REPEAT	.CYCLES / 2
     77  10000					       nop
     78  10000					       REPEND
     79  10000					       ENDM		;usage: SLEEP n (n>1)
     80  10000
     81  10000							;-------------------------------------------------------------------------------
     82  10000							; VERTICAL_SYNC
     83  10000							; revised version by Edwin Blink -- saves bytes!
     84  10000							; Inserts the code required for a proper 3 scanline vertical sync sequence
     85  10000							; Note: Alters the accumulator
     86  10000
     87  10000							; OUT: A = 0
     88  10000
     89  10000					       MAC	vertical_sync
     90  10000					       lda	#%1110	; each '1' bits generate a VSYNC ON line (bits 1..3)
     91  10000				    .VSLP1     sta	WSYNC	; 1st '0' bit resets Vsync, 2nd '0' bit exit loop
     92  10000					       sta	VSYNC
     93  10000					       lsr
     94  10000					       bne	.VSLP1	; branch until VYSNC has been reset
     95  10000					       ENDM
     96  10000
     97  10000							;-------------------------------------------------------------------------------
     98  10000							; CLEAN_START
     99  10000							; Original author: Andrew Davie
    100  10000							; Standardised start-up code, clears stack, all TIA registers and RAM to 0
    101  10000							; Sets stack pointer to $FF, and all registers to 0
    102  10000							; Sets decimal mode off, sets interrupt flag (kind of un-necessary)
    103  10000							; Use as very first section of code on boot (ie: at reset)
    104  10000							; Code written to minimise total ROM usage - uses weird 6502 knowledge :)
    105  10000
    106  10000					       MAC	clean_start
    107  10000					       sei
    108  10000					       cld
    109  10000
    110  10000					       IFNCONST	NO_ILLEGAL_OPCODES
    111  10000					       lxa	#0
    112  10000					       ELSE
    113  10000					       ldx	#0
    114  10000					       txa
    115  10000					       ENDIF
    116  10000					       tay
    117  10000				    .CLEAR_STACK dex
    118  10000					       txs
    119  10000					       pha
    120  10000					       bne	.CLEAR_STACK	; SP=$FF, X = A = Y = 0
    121  10000
    122  10000					       ENDM
    123  10000
    124  10000							;-------------------------------------------------------
    125  10000							; SET_POINTER
    126  10000							; Original author: Manuel Rotschkar
    127  10000							;
    128  10000							; Sets a 2 byte RAM pointer to an absolute address.
    129  10000							;
    130  10000							; Usage: SET_POINTER pointer, address
    131  10000							; Example: SET_POINTER SpritePTR, SpriteData
    132  10000							;
    133  10000							; Note: Alters the accumulator, NZ flags
    134  10000							; IN 1: 2 byte RAM location reserved for pointer
    135  10000							; IN 2: absolute address
    136  10000
    137  10000					       MAC	set_pointer
    138  10000				    .POINTER   SET	{1}
    139  10000				    .ADDRESS   SET	{2}
    140  10000
    141  10000					       LDA	#<.ADDRESS	; Get Lowbyte of Address
    142  10000					       STA	.POINTER	; Store in pointer
    143  10000					       LDA	#>.ADDRESS	; Get Hibyte of Address
    144  10000					       STA	.POINTER+1	; Store in pointer+1
    145  10000
    146  10000					       ENDM
    147  10000
    148  10000							;-------------------------------------------------------
    149  10000							; BOUNDARY byte#
    150  10000							; Original author: Denis Debro (borrowed from Bob Smith / Thomas)
    151  10000							;
    152  10000							; Push data to a certain position inside a page and keep count of how
    153  10000							; many free bytes the programmer will have.
    154  10000							;
    155  10000							; eg: BOUNDARY 5    ; position at byte #5 in page
    156  10000
    157  10000				    .FREE_BYTES SET	0
    158  10000					       MAC	boundary
    159  10000					       REPEAT	256
    160  10000					       IF	<. % {1} = 0
    161  10000					       MEXIT
    162  10000					       ELSE
    163  10000				    .FREE_BYTES SET	.FREE_BYTES + 1
    164  10000					       .byte	$00
    165  10000					       ENDIF
    166  10000					       REPEND
    167  10000					       ENDM
    168  10000
    169  10000
    170  10000							; EOF
------- FILE ./src/test.asm
------- FILE vcs.h LEVEL 2 PASS 2
      0  10000					       include	"vcs.h"
      1  10000							; VCS.H
      2  10000							; Version 1.06, 06/SEP/2020
      3  10000
      4  10000			00 6a	    VERSION_VCS =	106
      5  10000
      6  10000							; THIS IS *THE* "STANDARD" VCS.H
      7  10000							; THIS FILE IS EXPLICITLY SUPPORTED AS A DASM-PREFERRED COMPANION FILE
      8  10000							; The latest version can be found at https://dasm-assembler.github.io/
      9  10000							;
     10  10000							; This file defines hardware registers and memory mapping for the
     11  10000							; Atari 2600. It is distributed as a companion machine-specific support package
     12  10000							; for the DASM compiler. Updates to this file, DASM, and associated tools are
     13  10000							; available at at https://dasm-assembler.github.io/
     14  10000							;
     15  10000							; Many thanks to the people who have contributed. If you find an issue with the
     16  10000							; contents, or would like ot add something, please report as an issue at...
     17  10000							; https://github.com/dasm-assembler/dasm/issues
     18  10000
     19  10000							;
     20  10000							; Latest Revisions...
     21  10000							; 1.06  05/SEP/2020	 Modified header/license and links to new versions
     22  10000							; 1.05  13/NOV/2003	  - Correction to 1.04 - now functions as requested by MR.
     23  10000							;			  - Added VERSION_VCS equate (which will reflect 100x version #)
     24  10000							;			    This will allow conditional code to verify VCS.H being
     25  10000							;			    used for code assembly.
     26  10000							; 1.04  12/NOV/2003	 Added TIA_BASE_WRITE_ADDRESS and TIA_BASE_READ_ADDRESS for
     27  10000							;			 convenient disassembly/reassembly compatibility for hardware
     28  10000							;			 mirrored reading/writing differences.	This is more a 
     29  10000							;			 readability issue, and binary compatibility with disassembled
     30  10000							;			 and reassembled sources.  Per Manuel Rotschkar's suggestion.
     31  10000							; 1.03  12/MAY/2003	 Added SEG segment at end of file to fix old-code compatibility
     32  10000							;			 which was broken by the use of segments in this file, as
     33  10000							;			 reported by Manuel Polik on [stella] 11/MAY/2003
     34  10000							; 1.02  22/MAR/2003	 Added TIMINT($285)
     35  10000							; 1.01				Constant offset added to allow use for 3F-style bankswitching
     36  10000							;						 - define TIA_BASE_ADDRESS as $40 for Tigervision carts, otherwise
     37  10000							;						   it is safe to leave it undefined, and the base address will
     38  10000							;						   be set to 0.  Thanks to Eckhard Stolberg for the suggestion.
     39  10000							;			    Note, may use -DLABEL=EXPRESSION to define TIA_BASE_ADDRESS
     40  10000							;			  - register definitions are now generated through assignment
     41  10000							;			    in uninitialised segments.	This allows a changeable base
     42  10000							;			    address architecture.
     43  10000							; 1.0	22/MAR/2003		Initial release
     44  10000
     45  10000
     46  10000							;-------------------------------------------------------------------------------
     47  10000
     48  10000							; TIA_BASE_ADDRESS
     49  10000							; The TIA_BASE_ADDRESS defines the base address of access to TIA registers.
     50  10000							; Normally 0, the base address should (externally, before including this file)
     51  10000							; be set to $40 when creating 3F-bankswitched (and other?) cartridges.
     52  10000							; The reason is that this bankswitching scheme treats any access to locations
     53  10000							; < $40 as a bankswitch.
     54  10000
     55  10000				   -	       IFNCONST	TIA_BASE_ADDRESS
     56  10000				   -TIA_BASE_ADDRESS =	0
     57  10000					       ENDIF
     58  10000
     59  10000							; Note: The address may be defined on the command-line using the -D switch, eg:
     60  10000							; dasm.exe code.asm -DTIA_BASE_ADDRESS=$40 -f3 -v5 -ocode.bin
     61  10000							; *OR* by declaring the label before including this file, eg:
     62  10000							; TIA_BASE_ADDRESS = $40
     63  10000							;   include "vcs.h"
     64  10000
     65  10000							; Alternate read/write address capability - allows for some disassembly compatibility
     66  10000							; usage ; to allow reassembly to binary perfect copies).  This is essentially catering
     67  10000							; for the mirrored ROM hardware registers.
     68  10000
     69  10000							; Usage: As per above, define the TIA_BASE_READ_ADDRESS and/or TIA_BASE_WRITE_ADDRESS
     70  10000							; using the -D command-line switch, as required.  If the addresses are not defined, 
     71  10000							; they defaut to the TIA_BASE_ADDRESS.
     72  10000
     73  10000				   -	       IFNCONST	TIA_BASE_READ_ADDRESS
     74  10000				   -TIA_BASE_READ_ADDRESS =	TIA_BASE_ADDRESS
     75  10000					       ENDIF
     76  10000
     77  10000				   -	       IFNCONST	TIA_BASE_WRITE_ADDRESS
     78  10000				   -TIA_BASE_WRITE_ADDRESS =	TIA_BASE_ADDRESS
     79  10000					       ENDIF
     80  10000
     81  10000							;-------------------------------------------------------------------------------
     82  10000
     83 U002d ????				      SEG.U	TIA_REGISTERS_WRITE
     84 U0000					      ORG	TIA_BASE_WRITE_ADDRESS
     85 U0000
     86 U0000							; DO NOT CHANGE THE RELATIVE ORDERING OF REGISTERS!
     87 U0000
     88 U0000		       00	   VSYNC      ds	1	; $00	 0000 00x0   Vertical Sync Set-Clear
     89 U0001		       00	   VBLANK     ds	1	; $01	 xx00 00x0   Vertical Blank Set-Clear
     90 U0002		       00	   WSYNC      ds	1	; $02	 ---- ----   Wait for Horizontal Blank
     91 U0003		       00	   RSYNC      ds	1	; $03	 ---- ----   Reset Horizontal Sync Counter
     92 U0004		       00	   NUSIZ0     ds	1	; $04	 00xx 0xxx   Number-Size player/missle 0
     93 U0005		       00	   NUSIZ1     ds	1	; $05	 00xx 0xxx   Number-Size player/missle 1
     94 U0006		       00	   COLUP0     ds	1	; $06	 xxxx xxx0   Color-Luminance Player 0
     95 U0007		       00	   COLUP1     ds	1	; $07	 xxxx xxx0   Color-Luminance Player 1
     96 U0008		       00	   COLUPF     ds	1	; $08	 xxxx xxx0   Color-Luminance Playfield
     97 U0009		       00	   COLUBK     ds	1	; $09	 xxxx xxx0   Color-Luminance Background
     98 U000a		       00	   CTRLPF     ds	1	; $0A	 00xx 0xxx   Control Playfield, Ball, Collisions
     99 U000b		       00	   REFP0      ds	1	; $0B	 0000 x000   Reflection Player 0
    100 U000c		       00	   REFP1      ds	1	; $0C	 0000 x000   Reflection Player 1
    101 U000d		       00	   PF0	      ds	1	; $0D	 xxxx 0000   Playfield Register Byte 0
    102 U000e		       00	   PF1	      ds	1	; $0E	 xxxx xxxx   Playfield Register Byte 1
    103 U000f		       00	   PF2	      ds	1	; $0F	 xxxx xxxx   Playfield Register Byte 2
    104 U0010		       00	   RESP0      ds	1	; $10	 ---- ----   Reset Player 0
    105 U0011		       00	   RESP1      ds	1	; $11	 ---- ----   Reset Player 1
    106 U0012		       00	   RESM0      ds	1	; $12	 ---- ----   Reset Missle 0
    107 U0013		       00	   RESM1      ds	1	; $13	 ---- ----   Reset Missle 1
    108 U0014		       00	   RESBL      ds	1	; $14	 ---- ----   Reset Ball
    109 U0015		       00	   AUDC0      ds	1	; $15	 0000 xxxx   Audio Control 0
    110 U0016		       00	   AUDC1      ds	1	; $16	 0000 xxxx   Audio Control 1
    111 U0017		       00	   AUDF0      ds	1	; $17	 000x xxxx   Audio Frequency 0
    112 U0018		       00	   AUDF1      ds	1	; $18	 000x xxxx   Audio Frequency 1
    113 U0019		       00	   AUDV0      ds	1	; $19	 0000 xxxx   Audio Volume 0
    114 U001a		       00	   AUDV1      ds	1	; $1A	 0000 xxxx   Audio Volume 1
    115 U001b		       00	   GRP0       ds	1	; $1B	 xxxx xxxx   Graphics Register Player 0
    116 U001c		       00	   GRP1       ds	1	; $1C	 xxxx xxxx   Graphics Register Player 1
    117 U001d		       00	   ENAM0      ds	1	; $1D	 0000 00x0   Graphics Enable Missle 0
    118 U001e		       00	   ENAM1      ds	1	; $1E	 0000 00x0   Graphics Enable Missle 1
    119 U001f		       00	   ENABL      ds	1	; $1F	 0000 00x0   Graphics Enable Ball
    120 U0020		       00	   HMP0       ds	1	; $20	 xxxx 0000   Horizontal Motion Player 0
    121 U0021		       00	   HMP1       ds	1	; $21	 xxxx 0000   Horizontal Motion Player 1
    122 U0022		       00	   HMM0       ds	1	; $22	 xxxx 0000   Horizontal Motion Missle 0
    123 U0023		       00	   HMM1       ds	1	; $23	 xxxx 0000   Horizontal Motion Missle 1
    124 U0024		       00	   HMBL       ds	1	; $24	 xxxx 0000   Horizontal Motion Ball
    125 U0025		       00	   VDELP0     ds	1	; $25	 0000 000x   Vertical Delay Player 0
    126 U0026		       00	   VDELP1     ds	1	; $26	 0000 000x   Vertical Delay Player 1
    127 U0027		       00	   VDELBL     ds	1	; $27	 0000 000x   Vertical Delay Ball
    128 U0028		       00	   RESMP0     ds	1	; $28	 0000 00x0   Reset Missle 0 to Player 0
    129 U0029		       00	   RESMP1     ds	1	; $29	 0000 00x0   Reset Missle 1 to Player 1
    130 U002a		       00	   HMOVE      ds	1	; $2A	 ---- ----   Apply Horizontal Motion
    131 U002b		       00	   HMCLR      ds	1	; $2B	 ---- ----   Clear Horizontal Move Registers
    132 U002c		       00	   CXCLR      ds	1	; $2C	 ---- ----   Clear Collision Latches
    133 U002d
    134 U002d							;-------------------------------------------------------------------------------
    135 U002d
    136 U000e ????				      SEG.U	TIA_REGISTERS_READ
    137 U0000					      ORG	TIA_BASE_READ_ADDRESS
    138 U0000
    139 U0000							;											bit 7	 bit 6
    140 U0000		       00	   CXM0P      ds	1	; $00	     xx00 0000	     Read Collision  M0-P1   M0-P0
    141 U0001		       00	   CXM1P      ds	1	; $01	     xx00 0000			     M1-P0   M1-P1
    142 U0002		       00	   CXP0FB     ds	1	; $02	     xx00 0000			     P0-PF   P0-BL
    143 U0003		       00	   CXP1FB     ds	1	; $03	     xx00 0000			     P1-PF   P1-BL
    144 U0004		       00	   CXM0FB     ds	1	; $04	     xx00 0000			     M0-PF   M0-BL
    145 U0005		       00	   CXM1FB     ds	1	; $05	     xx00 0000			     M1-PF   M1-BL
    146 U0006		       00	   CXBLPF     ds	1	; $06	     x000 0000			     BL-PF   -----
    147 U0007		       00	   CXPPMM     ds	1	; $07	     xx00 0000			     P0-P1   M0-M1
    148 U0008		       00	   INPT0      ds	1	; $08	     x000 0000	     Read Pot Port 0
    149 U0009		       00	   INPT1      ds	1	; $09	     x000 0000	     Read Pot Port 1
    150 U000a		       00	   INPT2      ds	1	; $0A	     x000 0000	     Read Pot Port 2
    151 U000b		       00	   INPT3      ds	1	; $0B	     x000 0000	     Read Pot Port 3
    152 U000c		       00	   INPT4      ds	1	; $0C		x000 0000	 Read Input (Trigger) 0
    153 U000d		       00	   INPT5      ds	1	; $0D		x000 0000	 Read Input (Trigger) 1
    154 U000e
    155 U000e							;-------------------------------------------------------------------------------
    156 U000e
    157 U0298 ????				      SEG.U	RIOT
    158 U0280					      ORG	$280
    159 U0280
    160 U0280							; RIOT MEMORY MAP
    161 U0280
    162 U0280		       00	   SWCHA      ds	1	; $280      Port A data register for joysticks:
    163 U0281							;			Bits 4-7 for player 1.  Bits 0-3 for player 2.
    164 U0281
    165 U0281		       00	   SWACNT     ds	1	; $281      Port A data direction register (DDR)
    166 U0282		       00	   SWCHB      ds	1	; $282		Port B data (console switches)
    167 U0283		       00	   SWBCNT     ds	1	; $283      Port B DDR
    168 U0284		       00	   INTIM      ds	1	; $284		Timer output
    169 U0285
    170 U0285		       00	   TIMINT     ds	1	; $285
    171 U0286
    172 U0286							; Unused/undefined registers ($285-$294)
    173 U0286
    174 U0286		       00		      ds	1	; $286
    175 U0287		       00		      ds	1	; $287
    176 U0288		       00		      ds	1	; $288
    177 U0289		       00		      ds	1	; $289
    178 U028a		       00		      ds	1	; $28A
    179 U028b		       00		      ds	1	; $28B
    180 U028c		       00		      ds	1	; $28C
    181 U028d		       00		      ds	1	; $28D
    182 U028e		       00		      ds	1	; $28E
    183 U028f		       00		      ds	1	; $28F
    184 U0290		       00		      ds	1	; $290
    185 U0291		       00		      ds	1	; $291
    186 U0292		       00		      ds	1	; $292
    187 U0293		       00		      ds	1	; $293
    188 U0294
    189 U0294		       00	   TIM1T      ds	1	; $294		set 1 clock interval
    190 U0295		       00	   TIM8T      ds	1	; $295      set 8 clock interval
    191 U0296		       00	   TIM64T     ds	1	; $296      set 64 clock interval
    192 U0297		       00	   T1024T     ds	1	; $297      set 1024 clock interval
    193 U0298
    194 U0298							;-------------------------------------------------------------------------------
    195 U0298							; The following required for back-compatibility with code which does not use
    196 U0298							; segments.
    197 U0298
    198  10000					       SEG
    199  10000
    200  10000							; EOF
------- FILE ./src/test.asm
    124  10000
    125  10000
